[2025-11-03 14:19:25] [32minfo[39m: Server running on http://localhost:4000
[2025-11-03 14:19:31] [32minfo[39m: Server running on http://localhost:4000
[2025-11-03 14:19:34] [32minfo[39m: Server running on http://localhost:4000
[2025-11-03 14:20:35] [32minfo[39m: Server running on http://localhost:4000
[2025-11-03 14:20:37] [32minfo[39m: Server running on http://localhost:4000
[2025-11-03 14:20:40] [32minfo[39m: Server running on http://localhost:4000
[2025-11-03 14:21:14] [32minfo[39m: Server running on http://localhost:4000
[2025-11-03 14:21:28] [32minfo[39m: Server running on http://localhost:4000
[2025-11-03 14:21:33] [32minfo[39m: Server running on http://localhost:4000
[2025-11-03 14:21:45] [32minfo[39m: Server running on http://localhost:4000
[2025-11-03 14:21:47] [32minfo[39m: Server running on http://localhost:4000
[2025-11-03 14:21:59] [32minfo[39m: Server running on http://localhost:4000
[2025-11-03 14:22:08] [32minfo[39m: Server running on http://localhost:4000
[2025-11-03 14:22:11] [32minfo[39m: Server running on http://localhost:4000
[2025-11-03 14:22:13] [32minfo[39m: Server running on http://localhost:4000
[2025-11-03 14:22:17] [32minfo[39m: Server running on http://localhost:4000
[2025-11-03 14:22:19] [32minfo[39m: Server running on http://localhost:4000
[2025-11-03 14:22:22] [32minfo[39m: Server running on http://localhost:4000
[2025-11-03 14:22:24] [32minfo[39m: Server running on http://localhost:4000
[2025-11-03 14:22:33] [32minfo[39m: Server running on http://localhost:4000
[2025-11-03 14:22:37] [32minfo[39m: Server running on http://localhost:4000
[2025-11-03 14:22:39] [32minfo[39m: Server running on http://localhost:4000
[2025-11-03 14:22:43] [32minfo[39m: Server running on http://localhost:4000
[2025-11-03 14:22:48] [32minfo[39m: Server running on http://localhost:4000
[2025-11-03 14:22:51] [32minfo[39m: Server running on http://localhost:4000
[2025-11-03 14:22:56] [32minfo[39m: Server running on http://localhost:4000
[2025-11-03 14:23:00] [32minfo[39m: Server running on http://localhost:4000
[2025-11-03 14:23:04] [32minfo[39m: Server running on http://localhost:4000
[2025-11-03 14:23:09] [32minfo[39m: Server running on http://localhost:4000
[2025-11-03 14:23:11] [32minfo[39m: Server running on http://localhost:4000
[2025-11-03 14:23:13] [32minfo[39m: Server running on http://localhost:4000
[2025-11-03 14:23:14] [32minfo[39m: Server running on http://localhost:4000
[2025-11-03 14:23:18] [32minfo[39m: Server running on http://localhost:4000
[2025-11-03 14:23:20] [32minfo[39m: Server running on http://localhost:4000
[2025-11-03 14:23:27] [32minfo[39m: Server running on http://localhost:4000
[2025-11-03 14:23:46] [32minfo[39m: Server running on http://localhost:4000
[2025-11-03 14:23:51] [32minfo[39m: Server running on http://localhost:4000
[2025-11-03 14:23:54] [32minfo[39m: Server running on http://localhost:4000
[2025-11-03 14:23:56] [32minfo[39m: Server running on http://localhost:4000
[2025-11-03 14:23:58] [32minfo[39m: Server running on http://localhost:4000
[2025-11-03 14:24:01] [32minfo[39m: Server running on http://localhost:4000
[2025-11-03 14:24:06] [32minfo[39m: Server running on http://localhost:4000
[2025-11-03 14:24:10] [32minfo[39m: Server running on http://localhost:4000
[2025-11-03 14:24:13] [32minfo[39m: Server running on http://localhost:4000
[2025-11-03 14:24:14] [32minfo[39m: Server running on http://localhost:4000
[2025-11-03 14:24:17] [32minfo[39m: Server running on http://localhost:4000
[2025-11-03 14:24:18] [32minfo[39m: Server running on http://localhost:4000
[2025-11-03 14:24:22] [32minfo[39m: Server running on http://localhost:4000
[2025-11-03 14:24:25] [32minfo[39m: Server running on http://localhost:4000
[2025-11-03 14:24:28] [32minfo[39m: Server running on http://localhost:4000
[2025-11-03 14:25:58] [32minfo[39m: Server running on http://localhost:4000
[2025-11-03 14:28:06] [32minfo[39m: Server running on http://localhost:4000
[2025-11-03 14:28:09] [32minfo[39m: Server running on http://localhost:4000
[2025-11-03 14:29:02] [32minfo[39m: Server running on http://localhost:4000
[2025-11-03 14:29:07] [32minfo[39m: Server running on http://localhost:4000
[2025-11-03 14:30:31] [32minfo[39m: Server running on http://localhost:4000
[2025-11-03 14:30:40] [32minfo[39m: Server running on http://localhost:4000
[2025-11-03 14:30:42] [32minfo[39m: Server running on http://localhost:4000
[2025-11-03 15:13:10] [32minfo[39m: Server running on http://localhost:4000
[2025-11-03 15:15:01] [32minfo[39m: Server running on http://localhost:4000
[2025-11-03 15:19:18] [32minfo[39m: Server running on http://localhost:4000
[2025-11-03 15:21:42] [32mhttp[39m: POST /api/client/login
[2025-11-03 15:21:42] [32minfo[39m: Login attempt from undefined
[2025-11-03 15:21:43] [32mhttp[39m: GET /api/client/me
[2025-11-03 15:21:43] [32mhttp[39m: GET /api/client/me
[2025-11-03 15:21:43] [32mhttp[39m: GET /api/client/me
[2025-11-03 15:21:43] [32mhttp[39m: GET /api/client/me
[2025-11-03 15:22:01] [32mhttp[39m: POST /api/client/logout
